running install
running bdist_egg
running egg_info
writing bjoern.egg-info/PKG-INFO
writing top-level names to bjoern.egg-info/top_level.txt
writing dependency_links to bjoern.egg-info/dependency_links.txt
reading manifest file 'bjoern.egg-info/SOURCES.txt'
reading manifest template 'MANIFEST.in'
writing manifest file 'bjoern.egg-info/SOURCES.txt'
installing library code to build/bdist.linux-x86_64/egg
running install_lib
running build_py
running build_ext
building '_bjoern' extension
gcc -pthread -Wno-unused-result -Wsign-compare -Wunreachable-code -DNDEBUG -O2 -g -pipe -Wall -Wp,-D_FORTIFY_SOURCE=2 -fexceptions -fstack-protector-strong --param=ssp-buffer-size=4 -grecord-gcc-switches -m64 -mtune=generic -D_GNU_SOURCE -fPIC -fwrapv -I/opt/rh/rh-python35/root/usr/include -O2 -g -pipe -Wall -Wp,-D_FORTIFY_SOURCE=2 -fexceptions -fstack-protector-strong --param=ssp-buffer-size=4 -grecord-gcc-switches -m64 -mtune=generic -D_GNU_SOURCE -fPIC -fwrapv -fPIC -DWANT_SENDFILE=1 -DWANT_SIGINT_HANDLING=1 -Ihttp-parser -I/usr/include/libev -Iinclude -I/opt/rh/rh-python35/root/usr/include/python3.5m -c http-parser/http_parser.c -o build/temp.linux-x86_64-3.5/http-parser/http_parser.o -std=c99 -fno-strict-aliasing -fcommon -fPIC -Wall -Wextra -Wno-unused-parameter -Wno-missing-field-initializers -g
gcc -pthread -Wno-unused-result -Wsign-compare -Wunreachable-code -DNDEBUG -O2 -g -pipe -Wall -Wp,-D_FORTIFY_SOURCE=2 -fexceptions -fstack-protector-strong --param=ssp-buffer-size=4 -grecord-gcc-switches -m64 -mtune=generic -D_GNU_SOURCE -fPIC -fwrapv -I/opt/rh/rh-python35/root/usr/include -O2 -g -pipe -Wall -Wp,-D_FORTIFY_SOURCE=2 -fexceptions -fstack-protector-strong --param=ssp-buffer-size=4 -grecord-gcc-switches -m64 -mtune=generic -D_GNU_SOURCE -fPIC -fwrapv -fPIC -DWANT_SENDFILE=1 -DWANT_SIGINT_HANDLING=1 -Ihttp-parser -I/usr/include/libev -Iinclude -I/opt/rh/rh-python35/root/usr/include/python3.5m -c bjoern/_bjoernmodule.c -o build/temp.linux-x86_64-3.5/bjoern/_bjoernmodule.o -std=c99 -fno-strict-aliasing -fcommon -fPIC -Wall -Wextra -Wno-unused-parameter -Wno-missing-field-initializers -g
gcc -pthread -Wno-unused-result -Wsign-compare -Wunreachable-code -DNDEBUG -O2 -g -pipe -Wall -Wp,-D_FORTIFY_SOURCE=2 -fexceptions -fstack-protector-strong --param=ssp-buffer-size=4 -grecord-gcc-switches -m64 -mtune=generic -D_GNU_SOURCE -fPIC -fwrapv -I/opt/rh/rh-python35/root/usr/include -O2 -g -pipe -Wall -Wp,-D_FORTIFY_SOURCE=2 -fexceptions -fstack-protector-strong --param=ssp-buffer-size=4 -grecord-gcc-switches -m64 -mtune=generic -D_GNU_SOURCE -fPIC -fwrapv -fPIC -DWANT_SENDFILE=1 -DWANT_SIGINT_HANDLING=1 -Ihttp-parser -I/usr/include/libev -Iinclude -I/opt/rh/rh-python35/root/usr/include/python3.5m -c bjoern/common.c -o build/temp.linux-x86_64-3.5/bjoern/common.o -std=c99 -fno-strict-aliasing -fcommon -fPIC -Wall -Wextra -Wno-unused-parameter -Wno-missing-field-initializers -g
gcc -pthread -Wno-unused-result -Wsign-compare -Wunreachable-code -DNDEBUG -O2 -g -pipe -Wall -Wp,-D_FORTIFY_SOURCE=2 -fexceptions -fstack-protector-strong --param=ssp-buffer-size=4 -grecord-gcc-switches -m64 -mtune=generic -D_GNU_SOURCE -fPIC -fwrapv -I/opt/rh/rh-python35/root/usr/include -O2 -g -pipe -Wall -Wp,-D_FORTIFY_SOURCE=2 -fexceptions -fstack-protector-strong --param=ssp-buffer-size=4 -grecord-gcc-switches -m64 -mtune=generic -D_GNU_SOURCE -fPIC -fwrapv -fPIC -DWANT_SENDFILE=1 -DWANT_SIGINT_HANDLING=1 -Ihttp-parser -I/usr/include/libev -Iinclude -I/opt/rh/rh-python35/root/usr/include/python3.5m -c bjoern/filewrapper.c -o build/temp.linux-x86_64-3.5/bjoern/filewrapper.o -std=c99 -fno-strict-aliasing -fcommon -fPIC -Wall -Wextra -Wno-unused-parameter -Wno-missing-field-initializers -g
gcc -pthread -Wno-unused-result -Wsign-compare -Wunreachable-code -DNDEBUG -O2 -g -pipe -Wall -Wp,-D_FORTIFY_SOURCE=2 -fexceptions -fstack-protector-strong --param=ssp-buffer-size=4 -grecord-gcc-switches -m64 -mtune=generic -D_GNU_SOURCE -fPIC -fwrapv -I/opt/rh/rh-python35/root/usr/include -O2 -g -pipe -Wall -Wp,-D_FORTIFY_SOURCE=2 -fexceptions -fstack-protector-strong --param=ssp-buffer-size=4 -grecord-gcc-switches -m64 -mtune=generic -D_GNU_SOURCE -fPIC -fwrapv -fPIC -DWANT_SENDFILE=1 -DWANT_SIGINT_HANDLING=1 -Ihttp-parser -I/usr/include/libev -Iinclude -I/opt/rh/rh-python35/root/usr/include/python3.5m -c bjoern/portable_sendfile.c -o build/temp.linux-x86_64-3.5/bjoern/portable_sendfile.o -std=c99 -fno-strict-aliasing -fcommon -fPIC -Wall -Wextra -Wno-unused-parameter -Wno-missing-field-initializers -g
gcc -pthread -Wno-unused-result -Wsign-compare -Wunreachable-code -DNDEBUG -O2 -g -pipe -Wall -Wp,-D_FORTIFY_SOURCE=2 -fexceptions -fstack-protector-strong --param=ssp-buffer-size=4 -grecord-gcc-switches -m64 -mtune=generic -D_GNU_SOURCE -fPIC -fwrapv -I/opt/rh/rh-python35/root/usr/include -O2 -g -pipe -Wall -Wp,-D_FORTIFY_SOURCE=2 -fexceptions -fstack-protector-strong --param=ssp-buffer-size=4 -grecord-gcc-switches -m64 -mtune=generic -D_GNU_SOURCE -fPIC -fwrapv -fPIC -DWANT_SENDFILE=1 -DWANT_SIGINT_HANDLING=1 -Ihttp-parser -I/usr/include/libev -Iinclude -I/opt/rh/rh-python35/root/usr/include/python3.5m -c bjoern/request.c -o build/temp.linux-x86_64-3.5/bjoern/request.o -std=c99 -fno-strict-aliasing -fcommon -fPIC -Wall -Wextra -Wno-unused-parameter -Wno-missing-field-initializers -g
gcc -pthread -Wno-unused-result -Wsign-compare -Wunreachable-code -DNDEBUG -O2 -g -pipe -Wall -Wp,-D_FORTIFY_SOURCE=2 -fexceptions -fstack-protector-strong --param=ssp-buffer-size=4 -grecord-gcc-switches -m64 -mtune=generic -D_GNU_SOURCE -fPIC -fwrapv -I/opt/rh/rh-python35/root/usr/include -O2 -g -pipe -Wall -Wp,-D_FORTIFY_SOURCE=2 -fexceptions -fstack-protector-strong --param=ssp-buffer-size=4 -grecord-gcc-switches -m64 -mtune=generic -D_GNU_SOURCE -fPIC -fwrapv -fPIC -DWANT_SENDFILE=1 -DWANT_SIGINT_HANDLING=1 -Ihttp-parser -I/usr/include/libev -Iinclude -I/opt/rh/rh-python35/root/usr/include/python3.5m -c bjoern/server.c -o build/temp.linux-x86_64-3.5/bjoern/server.o -std=c99 -fno-strict-aliasing -fcommon -fPIC -Wall -Wextra -Wno-unused-parameter -Wno-missing-field-initializers -g
gcc -pthread -Wno-unused-result -Wsign-compare -Wunreachable-code -DNDEBUG -O2 -g -pipe -Wall -Wp,-D_FORTIFY_SOURCE=2 -fexceptions -fstack-protector-strong --param=ssp-buffer-size=4 -grecord-gcc-switches -m64 -mtune=generic -D_GNU_SOURCE -fPIC -fwrapv -I/opt/rh/rh-python35/root/usr/include -O2 -g -pipe -Wall -Wp,-D_FORTIFY_SOURCE=2 -fexceptions -fstack-protector-strong --param=ssp-buffer-size=4 -grecord-gcc-switches -m64 -mtune=generic -D_GNU_SOURCE -fPIC -fwrapv -fPIC -DWANT_SENDFILE=1 -DWANT_SIGINT_HANDLING=1 -Ihttp-parser -I/usr/include/libev -Iinclude -I/opt/rh/rh-python35/root/usr/include/python3.5m -c bjoern/wsgi.c -o build/temp.linux-x86_64-3.5/bjoern/wsgi.o -std=c99 -fno-strict-aliasing -fcommon -fPIC -Wall -Wextra -Wno-unused-parameter -Wno-missing-field-initializers -g
gcc -pthread -shared -L/opt/rh/rh-python35/root/usr/lib64-Wl,-z,relro build/temp.linux-x86_64-3.5/http-parser/http_parser.o build/temp.linux-x86_64-3.5/bjoern/_bjoernmodule.o build/temp.linux-x86_64-3.5/bjoern/common.o build/temp.linux-x86_64-3.5/bjoern/filewrapper.o build/temp.linux-x86_64-3.5/bjoern/portable_sendfile.o build/temp.linux-x86_64-3.5/bjoern/request.o build/temp.linux-x86_64-3.5/bjoern/server.o build/temp.linux-x86_64-3.5/bjoern/wsgi.o -Llib -L/opt/rh/rh-python35/root/usr/lib64 -lev -lpython3.5m -o build/lib.linux-x86_64-3.5/_bjoern.cpython-35m-x86_64-linux-gnu.so
creating build/bdist.linux-x86_64
creating build/bdist.linux-x86_64/egg
copying build/lib.linux-x86_64-3.5/bjoern.py -> build/bdist.linux-x86_64/egg
copying build/lib.linux-x86_64-3.5/_bjoern.cpython-35m-x86_64-linux-gnu.so -> build/bdist.linux-x86_64/egg
byte-compiling build/bdist.linux-x86_64/egg/bjoern.py to bjoern.cpython-35.pyc
creating stub loader for _bjoern.cpython-35m-x86_64-linux-gnu.so
byte-compiling build/bdist.linux-x86_64/egg/_bjoern.py to _bjoern.cpython-35.pyc
creating build/bdist.linux-x86_64/egg/EGG-INFO
copying bjoern.egg-info/PKG-INFO -> build/bdist.linux-x86_64/egg/EGG-INFO
copying bjoern.egg-info/SOURCES.txt -> build/bdist.linux-x86_64/egg/EGG-INFO
copying bjoern.egg-info/dependency_links.txt -> build/bdist.linux-x86_64/egg/EGG-INFO
copying bjoern.egg-info/top_level.txt -> build/bdist.linux-x86_64/egg/EGG-INFO
writing build/bdist.linux-x86_64/egg/EGG-INFO/native_libs.txt
zip_safe flag not set; analyzing archive contents...
__pycache__._bjoern.cpython-35: module references __file__
creating dist
creating 'dist/bjoern-2.0.1-py3.5-linux-x86_64.egg' and adding 'build/bdist.linux-x86_64/egg' to it
removing 'build/bdist.linux-x86_64/egg' (and everything under it)
Processing bjoern-2.0.1-py3.5-linux-x86_64.egg
creating /opt/app-root/lib/python3.5/site-packages/bjoern-2.0.1-py3.5-linux-x86_64.egg
Extracting bjoern-2.0.1-py3.5-linux-x86_64.egg to /opt/app-root/lib/python3.5/site-packages
Adding bjoern 2.0.1 to easy-install.pth file

Installed /opt/app-root/lib/python3.5/site-packages/bjoern-2.0.1-py3.5-linux-x86_64.egg
Processing dependencies for bjoern==2.0.1
Finished processing dependencies for bjoern==2.0.1
